mode: set
pamojabuild1/backend/internal/events/bus.go:17.30,22.2 1 1
pamojabuild1/backend/internal/events/bus.go:25.71,28.39 3 1
pamojabuild1/backend/internal/events/bus.go:28.39,30.6 1 1
pamojabuild1/backend/internal/events/bus.go:31.5,34.19 4 1
pamojabuild1/backend/internal/events/bus.go:34.19,38.6 3 1
pamojabuild1/backend/internal/events/bus.go:42.37,48.50 5 1
pamojabuild1/backend/internal/events/bus.go:48.50,49.36 1 1
pamojabuild1/backend/internal/events/bus.go:49.36,51.10 1 1
pamojabuild1/backend/internal/events/bus.go:53.5,55.28 2 1
pamojabuild1/backend/internal/events/bus.go:55.28,56.29 1 1
pamojabuild1/backend/internal/events/bus.go:56.29,57.26 1 1
pamojabuild1/backend/internal/events/bus.go:57.26,58.45 1 1
pamojabuild1/backend/internal/events/bus.go:58.45,60.18 1 1
pamojabuild1/backend/internal/events/bus.go:62.13,62.17 1 1
pamojabuild1/backend/internal/events/bus.go:70.29,75.28 4 1
pamojabuild1/backend/internal/events/bus.go:75.28,81.36 4 1
pamojabuild1/backend/internal/events/bus.go:81.36,82.43 1 1
pamojabuild1/backend/internal/events/bus.go:82.43,83.30 1 1
pamojabuild1/backend/internal/events/bus.go:83.30,84.49 1 1
pamojabuild1/backend/internal/events/bus.go:84.49,86.22 1 0
pamojabuild1/backend/internal/events/bus.go:88.17,88.22 1 1
pamojabuild1/backend/cmd/app/main.go:14.50,16.16 2 1
pamojabuild1/backend/cmd/app/main.go:16.16,18.3 1 0
pamojabuild1/backend/cmd/app/main.go:19.2,20.26 2 1
pamojabuild1/backend/cmd/app/main.go:20.26,21.39 1 1
pamojabuild1/backend/cmd/app/main.go:21.39,23.4 1 1
pamojabuild1/backend/cmd/app/main.go:25.2,26.29 2 1
pamojabuild1/backend/cmd/app/main.go:26.29,28.17 2 1
pamojabuild1/backend/cmd/app/main.go:28.17,30.4 1 0
pamojabuild1/backend/cmd/app/main.go:31.3,32.53 2 1
pamojabuild1/backend/cmd/app/main.go:32.53,34.4 1 0
pamojabuild1/backend/cmd/app/main.go:36.2,37.12 2 1
pamojabuild1/backend/cmd/app/main.go:40.13,44.16 3 0
pamojabuild1/backend/cmd/app/main.go:44.16,46.3 1 0
pamojabuild1/backend/cmd/app/main.go:47.2,49.59 2 0
pamojabuild1/backend/cmd/app/main.go:49.59,51.3 1 0
pamojabuild1/backend/cmd/app/main.go:53.2,59.57 3 0
pamojabuild1/backend/cmd/app/main.go:59.57,61.3 1 0
pamojabuild1/backend/cmd/app/router.go:43.60,81.72 29 1
pamojabuild1/backend/cmd/app/router.go:81.72,85.6 3 0
pamojabuild1/backend/cmd/app/router.go:87.5,87.69 1 1
pamojabuild1/backend/cmd/app/router.go:87.69,91.6 3 1
pamojabuild1/backend/cmd/app/router.go:93.5,93.78 1 1
pamojabuild1/backend/cmd/app/router.go:93.78,97.6 3 1
pamojabuild1/backend/cmd/app/router.go:99.5,99.75 1 1
pamojabuild1/backend/cmd/app/router.go:99.75,102.101 3 1
pamojabuild1/backend/cmd/app/router.go:102.101,104.10 1 0
pamojabuild1/backend/cmd/app/router.go:105.9,105.143 1 1
pamojabuild1/backend/cmd/app/router.go:108.5,108.72 1 1
pamojabuild1/backend/cmd/app/router.go:108.72,112.6 3 0
pamojabuild1/backend/cmd/app/router.go:114.5,114.74 1 1
pamojabuild1/backend/cmd/app/router.go:114.74,118.6 3 0
pamojabuild1/backend/cmd/app/router.go:120.5,120.75 1 1
pamojabuild1/backend/cmd/app/router.go:120.75,122.45 2 1
pamojabuild1/backend/cmd/app/router.go:122.45,125.10 2 0
pamojabuild1/backend/cmd/app/router.go:128.5,128.79 1 1
pamojabuild1/backend/cmd/app/router.go:128.79,131.88 3 0
pamojabuild1/backend/cmd/app/router.go:131.88,133.10 1 0
pamojabuild1/backend/cmd/app/router.go:136.5,138.37 3 1
pamojabuild1/backend/cmd/app/router.go:138.37,142.42 4 1
pamojabuild1/backend/cmd/app/router.go:142.42,145.10 2 0
pamojabuild1/backend/cmd/app/router.go:146.9,146.17 1 1
pamojabuild1/backend/cmd/app/router.go:149.5,149.48 1 1
pamojabuild1/backend/cmd/app/router.go:149.48,151.6 1 0
pamojabuild1/backend/cmd/app/router.go:153.5,154.5 2 1
pamojabuild1/backend/cmd/app/router.go:154.5,156.9 2 1
pamojabuild1/backend/cmd/app/router.go:156.9,159.10 2 1
pamojabuild1/backend/cmd/app/router.go:161.9,163.9 3 1
pamojabuild1/backend/cmd/app/router.go:163.9,167.13 3 1
pamojabuild1/backend/cmd/app/router.go:167.13,175.14 7 1
pamojabuild1/backend/cmd/app/router.go:177.13,178.13 2 1
pamojabuild1/backend/cmd/app/router.go:178.13,186.14 7 1
pamojabuild1/backend/cmd/app/router.go:188.13,189.13 2 1
pamojabuild1/backend/cmd/app/router.go:189.13,192.14 2 1
pamojabuild1/backend/cmd/app/router.go:194.13,195.13 2 1
pamojabuild1/backend/cmd/app/router.go:195.13,198.14 2 1
pamojabuild1/backend/cmd/app/router.go:202.5,202.18 1 1
pamojabuild1/backend/internal/auth/service/auth_service.go:25.74,27.2 1 1
pamojabuild1/backend/internal/auth/service/auth_service.go:29.118,31.21 2 1
pamojabuild1/backend/internal/auth/service/auth_service.go:31.21,33.3 1 1
pamojabuild1/backend/internal/auth/service/auth_service.go:35.2,36.16 2 1
pamojabuild1/backend/internal/auth/service/auth_service.go:36.16,38.3 1 0
pamojabuild1/backend/internal/auth/service/auth_service.go:40.2,47.49 2 1
pamojabuild1/backend/internal/auth/service/auth_service.go:47.49,49.3 1 0
pamojabuild1/backend/internal/auth/service/auth_service.go:51.2,52.16 2 1
pamojabuild1/backend/internal/auth/service/auth_service.go:52.16,54.3 1 0
pamojabuild1/backend/internal/auth/service/auth_service.go:56.2,56.25 1 1
pamojabuild1/backend/internal/auth/service/auth_service.go:59.103,61.16 2 1
pamojabuild1/backend/internal/auth/service/auth_service.go:61.16,63.3 1 0
pamojabuild1/backend/internal/auth/service/auth_service.go:65.2,65.99 1 1
pamojabuild1/backend/internal/auth/service/auth_service.go:65.99,67.3 1 1
pamojabuild1/backend/internal/auth/service/auth_service.go:69.2,70.16 2 1
pamojabuild1/backend/internal/auth/service/auth_service.go:70.16,72.3 1 0
pamojabuild1/backend/internal/auth/service/auth_service.go:74.2,74.25 1 1
pamojabuild1/backend/internal/auth/service/auth_service.go:77.72,79.2 1 0
pamojabuild1/backend/internal/auth/service/auth_service.go:81.70,91.2 3 1
pamojabuild1/backend/internal/auth/service/auth_service.go:93.98,94.83 1 1
pamojabuild1/backend/internal/auth/service/auth_service.go:94.83,96.3 1 1
pamojabuild1/backend/internal/auth/service/auth_service.go:98.2,98.32 1 1
pamojabuild1/backend/internal/auth/service/auth_service.go:98.32,100.3 1 1
pamojabuild1/backend/internal/auth/service/auth_service.go:102.2,103.9 2 1
pamojabuild1/backend/internal/auth/service/auth_service.go:103.9,105.3 1 0
pamojabuild1/backend/internal/auth/service/auth_service.go:107.2,108.36 2 1
pamojabuild1/backend/internal/middleware/middleware.go:19.37,20.30 1 1
pamojabuild1/backend/internal/middleware/middleware.go:20.30,21.16 1 1
pamojabuild1/backend/internal/middleware/middleware.go:21.16,22.36 1 1
pamojabuild1/backend/internal/middleware/middleware.go:22.36,27.5 1 1
pamojabuild1/backend/internal/middleware/middleware.go:30.3,32.25 2 1
pamojabuild1/backend/internal/middleware/middleware.go:32.25,34.4 1 0
pamojabuild1/backend/internal/middleware/middleware.go:36.3,36.35 1 0
pamojabuild1/backend/internal/middleware/middleware.go:36.35,37.25 1 0
pamojabuild1/backend/internal/middleware/middleware.go:37.25,38.13 1 0
pamojabuild1/backend/internal/middleware/middleware.go:41.4,41.72 1 0
pamojabuild1/backend/internal/middleware/middleware.go:41.72,48.5 2 0
pamojabuild1/backend/internal/middleware/middleware.go:50.4,50.40 1 0
pamojabuild1/backend/internal/middleware/middleware.go:50.40,56.5 2 0
pamojabuild1/backend/internal/middleware/middleware.go:62.45,63.30 1 1
pamojabuild1/backend/internal/middleware/middleware.go:63.30,65.90 2 1
pamojabuild1/backend/internal/middleware/middleware.go:65.90,67.79 2 1
pamojabuild1/backend/internal/middleware/middleware.go:67.79,73.5 2 1
pamojabuild1/backend/internal/middleware/middleware.go:75.4,75.36 1 0
pamojabuild1/backend/internal/middleware/middleware.go:75.36,81.5 2 0
pamojabuild1/backend/internal/middleware/middleware.go:84.3,84.11 1 0
pamojabuild1/backend/internal/middleware/middleware.go:88.80,90.27 2 0
pamojabuild1/backend/internal/middleware/middleware.go:90.27,92.20 2 0
pamojabuild1/backend/internal/middleware/middleware.go:93.19,94.37 1 0
pamojabuild1/backend/internal/middleware/middleware.go:95.16,96.47 1 0
pamojabuild1/backend/internal/middleware/middleware.go:97.14,98.56 1 0
pamojabuild1/backend/internal/middleware/middleware.go:99.13,100.65 1 0
pamojabuild1/backend/internal/middleware/middleware.go:101.11,102.39 1 0
pamojabuild1/backend/internal/middleware/middleware.go:105.2,105.15 1 0
pamojabuild1/backend/internal/middleware/middleware.go:109.36,110.30 1 0
pamojabuild1/backend/internal/middleware/middleware.go:110.30,112.3 1 0
pamojabuild1/backend/internal/task/service/task_service.go:22.83,24.2 1 1
pamojabuild1/backend/internal/task/service/task_service.go:26.93,31.46 4 1
pamojabuild1/backend/internal/task/service/task_service.go:31.46,33.3 1 1
pamojabuild1/backend/internal/task/service/task_service.go:36.2,36.23 1 1
pamojabuild1/backend/internal/task/service/task_service.go:36.23,48.3 1 1
pamojabuild1/backend/internal/task/service/task_service.go:50.2,50.15 1 1
pamojabuild1/backend/internal/task/service/task_service.go:53.85,55.16 2 0
pamojabuild1/backend/internal/task/service/task_service.go:55.16,57.3 1 0
pamojabuild1/backend/internal/task/service/task_service.go:58.2,58.15 1 0
pamojabuild1/backend/internal/task/service/task_service.go:61.108,63.2 1 0
pamojabuild1/backend/internal/task/service/task_service.go:65.110,66.69 1 0
pamojabuild1/backend/internal/task/service/task_service.go:66.69,68.3 1 0
pamojabuild1/backend/internal/task/service/task_service.go:70.2,78.12 2 0
pamojabuild1/backend/internal/task/service/task_service.go:81.108,83.16 2 0
pamojabuild1/backend/internal/task/service/task_service.go:83.16,85.3 1 0
pamojabuild1/backend/internal/task/service/task_service.go:87.2,89.76 2 0
pamojabuild1/backend/internal/task/service/task_service.go:89.76,91.3 1 0
pamojabuild1/backend/internal/task/service/task_service.go:93.2,102.12 2 0
